Determining if the function crc32c_value exists in the crc32c failed with the following output:
Change Dir: /home/zhuo1/lsmf/leveldb-1.23/build/CMakeFiles/CMakeTmp

Run Build Command(s):/usr/bin/ninja cmTC_537c2 && [1/2] Building C object CMakeFiles/cmTC_537c2.dir/CheckFunctionExists.c.o
[2/2] Linking C executable cmTC_537c2
FAILED: : && /usr/bin/gcc-8 -DCHECK_FUNCTION_EXISTS=crc32c_value  CMakeFiles/cmTC_537c2.dir/CheckFunctionExists.c.o -o cmTC_537c2  -lcrc32c && :
//usr/local/lib/libcrc32c.a(crc32c.cc.o): In function `crc32c::Extend(unsigned int, unsigned char const*, unsigned long)':
crc32c.cc:(.text+0xd7): undefined reference to `__cxa_guard_acquire'
crc32c.cc:(.text+0xf5): undefined reference to `__cxa_guard_release'
collect2: error: ld returned 1 exit status
ninja: build stopped: subcommand failed.



Determining if the function malloc exists in the tcmalloc failed with the following output:
Change Dir: /home/zhuo1/lsmf/leveldb-1.23/build/CMakeFiles/CMakeTmp

Run Build Command(s):/usr/bin/ninja cmTC_203cd && [1/2] Building C object CMakeFiles/cmTC_203cd.dir/CheckFunctionExists.c.o
<command-line>: warning: conflicting types for built-in function ‘malloc’ [-Wbuiltin-declaration-mismatch]
/opt/cmake-3.18.5-Linux-x86_64/share/cmake-3.18/Modules/CheckFunctionExists.c:7:3: note: in expansion of macro ‘CHECK_FUNCTION_EXISTS’
   CHECK_FUNCTION_EXISTS(void);
   ^~~~~~~~~~~~~~~~~~~~~
[2/2] Linking C executable cmTC_203cd
FAILED: : && /usr/bin/gcc-8 -DCHECK_FUNCTION_EXISTS=malloc  CMakeFiles/cmTC_203cd.dir/CheckFunctionExists.c.o -o cmTC_203cd  -ltcmalloc && :
/usr/bin/ld: cannot find -ltcmalloc
collect2: error: ld returned 1 exit status
ninja: build stopped: subcommand failed.



Determining if the F_FULLFSYNC exist failed with the following output:
Change Dir: /home/zhuo1/lsmf/leveldb-1.23/build/CMakeFiles/CMakeTmp

Run Build Command(s):/usr/bin/ninja cmTC_d7d52 && [1/2] Building CXX object CMakeFiles/cmTC_d7d52.dir/CheckSymbolExists.cxx.o
FAILED: /usr/bin/g++-8   -std=c++11 -o CMakeFiles/cmTC_d7d52.dir/CheckSymbolExists.cxx.o -c CheckSymbolExists.cxx
CheckSymbolExists.cxx: In function ‘int main(int, char**)’:
CheckSymbolExists.cxx:8:19: error: ‘F_FULLFSYNC’ was not declared in this scope
   return ((int*)(&F_FULLFSYNC))[argc];
                   ^~~~~~~~~~~
CheckSymbolExists.cxx:8:19: note: suggested alternative: ‘O_FSYNC’
   return ((int*)(&F_FULLFSYNC))[argc];
                   ^~~~~~~~~~~
                   O_FSYNC
ninja: build stopped: subcommand failed.


File /home/zhuo1/lsmf/leveldb-1.23/build/CMakeFiles/CMakeTmp/CheckSymbolExists.cxx:
/* */
#include <fcntl.h>

int main(int argc, char** argv)
{
  (void)argv;
#ifndef F_FULLFSYNC
  return ((int*)(&F_FULLFSYNC))[argc];
#else
  (void)argc;
  return 0;
#endif
}
Performing C++ SOURCE FILE Test HAVE_CLANG_THREAD_SAFETY failed with the following output:
Change Dir: /home/zhuo1/lsmf/leveldb-1.23/build/CMakeFiles/CMakeTmp

Run Build Command(s):/usr/bin/ninja cmTC_a0f48 && [1/2] Building CXX object CMakeFiles/cmTC_a0f48.dir/src.cxx.o
FAILED: /usr/bin/g++-8   -fno-exceptions -fno-rtti -DHAVE_CLANG_THREAD_SAFETY   -Wthread-safety -std=c++11 -o CMakeFiles/cmTC_a0f48.dir/src.cxx.o -c src.cxx
g++-8: error: unrecognized command line option '-Wthread-safety'; did you mean '-fthread-jumps'?
ninja: build stopped: subcommand failed.


Source file was:
int main() { return 0; }
Performing C SOURCE FILE Test CMAKE_HAVE_LIBC_PTHREAD failed with the following output:
Change Dir: /home/zhuo1/lsmf/leveldb-1.23/build/CMakeFiles/CMakeTmp

Run Build Command(s):/usr/bin/ninja cmTC_cbc4c && [1/2] Building C object CMakeFiles/cmTC_cbc4c.dir/src.c.o
[2/2] Linking C executable cmTC_cbc4c
FAILED: : && /usr/bin/gcc-8 -Wstrict-prototypes -DCMAKE_HAVE_LIBC_PTHREAD  CMakeFiles/cmTC_cbc4c.dir/src.c.o -o cmTC_cbc4c   && :
CMakeFiles/cmTC_cbc4c.dir/src.c.o: In function `main':
src.c:(.text+0x3c): undefined reference to `pthread_create'
src.c:(.text+0x48): undefined reference to `pthread_detach'
src.c:(.text+0x54): undefined reference to `pthread_cancel'
src.c:(.text+0x65): undefined reference to `pthread_join'
src.c:(.text+0x79): undefined reference to `pthread_atfork'
collect2: error: ld returned 1 exit status
ninja: build stopped: subcommand failed.


Source file was:
#include <pthread.h>

void* test_func(void* data)
{
  return data;
}

int main(void)
{
  pthread_t thread;
  pthread_create(&thread, NULL, test_func, NULL);
  pthread_detach(thread);
  pthread_cancel(thread);
  pthread_join(thread, NULL);
  pthread_atfork(NULL, NULL, NULL);
  pthread_exit(NULL);

  return 0;
}

Determining if the function pthread_create exists in the pthreads failed with the following output:
Change Dir: /home/zhuo1/lsmf/leveldb-1.23/build/CMakeFiles/CMakeTmp

Run Build Command(s):/usr/bin/ninja cmTC_576de && [1/2] Building C object CMakeFiles/cmTC_576de.dir/CheckFunctionExists.c.o
[2/2] Linking C executable cmTC_576de
FAILED: : && /usr/bin/gcc-8 -Wstrict-prototypes -DCHECK_FUNCTION_EXISTS=pthread_create  CMakeFiles/cmTC_576de.dir/CheckFunctionExists.c.o -o cmTC_576de  -lpthreads && :
/usr/bin/ld: cannot find -lpthreads
collect2: error: ld returned 1 exit status
ninja: build stopped: subcommand failed.



Performing C++ SOURCE FILE Test HAVE_CXX_FLAG_WSHORTEN_64_TO_32 failed with the following output:
Change Dir: /home/zhuo1/lsmf/leveldb-1.23/build/CMakeFiles/CMakeTmp

Run Build Command(s):/usr/bin/ninja cmTC_b037b && [1/2] Building CXX object CMakeFiles/cmTC_b037b.dir/src.cxx.o
FAILED: /usr/bin/g++-8   -fno-exceptions -fno-rtti  -std=c++11  -Wall  -Wextra  -Wshadow  -Wsuggest-override -DHAVE_CXX_FLAG_WSHORTEN_64_TO_32  -Wshorten-64-to-32   -Wshorten-64-to-32 -std=c++11 -o CMakeFiles/cmTC_b037b.dir/src.cxx.o -c src.cxx
g++-8: error: unrecognized command line option '-Wshorten-64-to-32'
g++-8: error: unrecognized command line option '-Wshorten-64-to-32'
ninja: build stopped: subcommand failed.


Source file was:
int main() { return 0; }
Performing C++ SOURCE FILE Test HAVE_CXX_FLAG_WD654 failed with the following output:
Change Dir: /home/zhuo1/lsmf/leveldb-1.23/build/CMakeFiles/CMakeTmp

Run Build Command(s):/usr/bin/ninja cmTC_b3a8b && [1/2] Building CXX object CMakeFiles/cmTC_b3a8b.dir/src.cxx.o
FAILED: /usr/bin/g++-8   -fno-exceptions -fno-rtti  -std=c++11  -Wall  -Wextra  -Wshadow  -Wsuggest-override  -fstrict-aliasing  -Wno-deprecated-declarations  -fno-exceptions  -Wstrict-aliasing -DHAVE_CXX_FLAG_WD654  -wd654   -wd654 -std=c++11 -o CMakeFiles/cmTC_b3a8b.dir/src.cxx.o -c src.cxx
g++-8: error: unrecognized command line option '-wd654'
g++-8: error: unrecognized command line option '-wd654'
ninja: build stopped: subcommand failed.


Source file was:
int main() { return 0; }
Performing C++ SOURCE FILE Test HAVE_CXX_FLAG_WTHREAD_SAFETY failed with the following output:
Change Dir: /home/zhuo1/lsmf/leveldb-1.23/build/CMakeFiles/CMakeTmp

Run Build Command(s):/usr/bin/ninja cmTC_2903c && [1/2] Building CXX object CMakeFiles/cmTC_2903c.dir/src.cxx.o
FAILED: /usr/bin/g++-8   -fno-exceptions -fno-rtti  -std=c++11  -Wall  -Wextra  -Wshadow  -Wsuggest-override  -fstrict-aliasing  -Wno-deprecated-declarations  -fno-exceptions  -Wstrict-aliasing -DHAVE_CXX_FLAG_WTHREAD_SAFETY  -Wthread-safety   -Wthread-safety -std=c++11 -o CMakeFiles/cmTC_2903c.dir/src.cxx.o -c src.cxx
g++-8: error: unrecognized command line option '-Wthread-safety'; did you mean '-fthread-jumps'?
g++-8: error: unrecognized command line option '-Wthread-safety'; did you mean '-fthread-jumps'?
ninja: build stopped: subcommand failed.


Source file was:
int main() { return 0; }
Determining if the function sqlite3_open exists in the sqlite3 failed with the following output:
Change Dir: /home/zhuo1/lsmf/leveldb-1.23/build/CMakeFiles/CMakeTmp

Run Build Command(s):/usr/bin/ninja cmTC_10ee5 && [1/2] Building C object CMakeFiles/cmTC_10ee5.dir/CheckFunctionExists.c.o
[2/2] Linking C executable cmTC_10ee5
FAILED: : && /usr/bin/gcc-8 -Wstrict-prototypes -DCHECK_FUNCTION_EXISTS=sqlite3_open  CMakeFiles/cmTC_10ee5.dir/CheckFunctionExists.c.o -o cmTC_10ee5  -lsqlite3 && :
/usr/bin/ld: cannot find -lsqlite3
collect2: error: ld returned 1 exit status
ninja: build stopped: subcommand failed.



Performing C++ SOURCE FILE Test HAVE_KYOTOCABINET failed with the following output:
Change Dir: /home/zhuo1/lsmf/leveldb-1.23/build/CMakeFiles/CMakeTmp

Run Build Command(s):/usr/bin/ninja cmTC_46074 && [1/2] Building CXX object CMakeFiles/cmTC_46074.dir/src.cxx.o
FAILED: /usr/bin/g++-8   -fno-exceptions -fno-rtti -DHAVE_KYOTOCABINET -std=c++11 -o CMakeFiles/cmTC_46074.dir/src.cxx.o -c src.cxx
src.cxx:2:10: fatal error: kcpolydb.h: No such file or directory
 #include <kcpolydb.h>
          ^~~~~~~~~~~~
compilation terminated.
ninja: build stopped: subcommand failed.


Source file was:

#include <kcpolydb.h>

int main() {
  kyotocabinet::TreeDB* db = new kyotocabinet::TreeDB();
  delete db;
  return 0;
}
  
